********************************************************************************
PACKAGE-LOG: 2015-06-11 21:41:03
NOTICE: Do NOT post to public sites or forums 
********************************************************************************
VERSION:	0.5.22
WORDPRESS:	4.2.2
PHP INFO:	5.5.9-1ubuntu4.9 | SAPI: apache2handler
SERVER:		Apache/2.4.7 (Ubuntu) SVN/1.8.8 PHP/5.5.9-1ubuntu4.9 mod_python/3.3.1 Python/2.7.6 OpenSSL/1.0.1f mod_wsgi/3.4 
PHP TIME LIMIT: (0) no time limit imposed 
PHP MAX MEMORY: 5000M (128M default) 
MEMORY STACK: 8.25MB 

********************************************************************************
DATABASE:
********************************************************************************
BUILD MODE:   PHP (query limit - 100)
MYSQLDUMP:    Is Supported
MYSQLTIMEOUT: 5000 
TABLES: total:12 | filtered:0 | create:12 
FILTERED: [] 
SQL CREATED: 20150611_taglab_557a00585f0324697150611214040_database.sql 
SQL FILE SIZE: 1.51MB 
SQL FILE TIME: 2015-06-11 21:41:03 
SQL RUNTIME: 0.10 sec. 

******************************************************************************** 
ARCHIVE (ZIP): 
******************************************************************************** 
ARCHIVE DIR:  /w/91/seandoughty/site/www/wordpress 
ARCHIVE FILE: 20150611_taglab_557a00585f0324697150611214040_archive.zip 
FILTERS: *OFF* 
DIRS:  not set 
EXTS:  not set 
---------------------------------------- 
COMPRESSING 
SIZE:	105.14MB 
STATS:	Dirs 725 | Files 7,485 | Links 0 
SQL ADDED: 20150611_taglab_557a00585f0324697150611214040_database.sql 
ZipArchive Object
(
    [status] => 0
    [statusSys] => 0
    [numFiles] => 8210
    [filename] => /w/91/seandoughty/site/www/wordpress/wp-snapshots/tmp/20150611_taglab_557a00585f0324697150611214040_archive.zip
    [comment] => 
)
 
COMPRESSION RESULT: '1' 
COMPRESSED SIZE: 82.6MB 
ARCHIVE RUNTIME: 40.65 sec. 
MEMORY STACK: 11.25MB 

******************************************************************************** 
MAKE INSTALLER: 
******************************************************************************** 
Build Start 
Build Finished 
Preping for use 
Template parsed with new data 
Complete [/w/91/seandoughty/site/www/wordpress/wp-snapshots/tmp/20150611_taglab_557a00585f0324697150611214040_installer.php] 
Added to archive 

******************************************************************************** 
INTEGRITY CHECKS: 
******************************************************************************** 
SQL File: 1.51MB 
Installer File: 317.99KB 
Archive File: 82.6MB  

********************************************************************************
RECORD ID:[1]
TOTAL PROCESS RUNTIME: 44.29 sec.
PEAK PHP MEMORY USED: 12.75MB
DONE PROCESSING => 20150611_taglab 2015-06-11 21:41:47
 
