********************************************************************************
PACKAGE-LOG: 2015-07-29 15:29:50
NOTICE: Do NOT post to public sites or forums 
********************************************************************************
VERSION:	0.5.22
WORDPRESS:	4.2.3
PHP INFO:	5.5.9-1ubuntu4.11 | SAPI: apache2handler
SERVER:		Apache/2.4.7 (Ubuntu) SVN/1.8.8 PHP/5.5.9-1ubuntu4.11 mod_python/3.3.1 Python/2.7.6 OpenSSL/1.0.1f mod_wsgi/3.4 
PHP TIME LIMIT: (0) no time limit imposed 
PHP MAX MEMORY: 5000M (128M default) 
MEMORY STACK: 8MB 

********************************************************************************
DATABASE:
********************************************************************************
BUILD MODE:   PHP (query limit - 100)
MYSQLDUMP:    Is Supported
MYSQLTIMEOUT: 5000 
TABLES: total:12 | filtered:0 | create:12 
FILTERED: [] 
SQL CREATED: 20150611_taglab_55b8f100610b83607150729152800_database.sql 
SQL FILE SIZE: 5.92MB 
SQL FILE TIME: 2015-07-29 15:29:50 
SQL RUNTIME: 0.33 sec. 

******************************************************************************** 
ARCHIVE (ZIP): 
******************************************************************************** 
ARCHIVE DIR:  /w/91/seandoughty/site/www/wordpress 
ARCHIVE FILE: 20150611_taglab_55b8f100610b83607150729152800_archive.zip 
FILTERS: *OFF* 
DIRS:  not set 
EXTS:  not set 
---------------------------------------- 
COMPRESSING 
SIZE:	578.05MB 
STATS:	Dirs 720 | Files 3,509 | Links 0 
SQL ADDED: 20150611_taglab_55b8f100610b83607150729152800_database.sql 
ZipArchive Object
(
    [status] => 0
    [statusSys] => 0
    [numFiles] => 4229
    [filename] => /w/91/seandoughty/site/www/wordpress/wp-snapshots/tmp/20150611_taglab_55b8f100610b83607150729152800_archive.zip
    [comment] => 
)
 
COMPRESSION RESULT: '1' 
COMPRESSED SIZE: 556.23MB 
ARCHIVE RUNTIME: 46.52 sec. 
MEMORY STACK: 9.75MB 

******************************************************************************** 
MAKE INSTALLER: 
******************************************************************************** 
Build Start 
Build Finished 
Preping for use 
Template parsed with new data 
Complete [/w/91/seandoughty/site/www/wordpress/wp-snapshots/tmp/20150611_taglab_55b8f100610b83607150729152800_installer.php] 
Added to archive 

******************************************************************************** 
INTEGRITY CHECKS: 
******************************************************************************** 
SQL File: 5.92MB 
Installer File: 318.03KB 
Archive File: 556.23MB  

********************************************************************************
RECORD ID:[4]
TOTAL PROCESS RUNTIME: 65.50 sec.
PEAK PHP MEMORY USED: 11.75MB
DONE PROCESSING => 20150611_taglab 2015-07-29 15:30:55
 
